Build started 2016/10/10 10:03:47.
     1>Project "D:\Program\ENFT\ENFT\ENFT.vcxproj" on node 2 (build target(s)).
     1>InitializeBuildStatus:
         Creating "x64\Debug\ENFT.unsuccessfulbuild" because "AlwaysCreate" was specified.
       ClCompile:
         All outputs are up-to-date.
         All outputs are up-to-date.
       ManifestResourceCompile:
         All outputs are up-to-date.
       Link:
         All outputs are up-to-date.
         ENFT.vcxproj -> D:\Program\ENFT\x64\Debug\ENFT.exe
       Manifest:
         All outputs are up-to-date.
       FinalizeBuildStatus:
         Deleting file "x64\Debug\ENFT.unsuccessfulbuild".
         Touching "x64\Debug\ENFT.lastbuildstate".
     1>Done Building Project "D:\Program\ENFT\ENFT\ENFT.vcxproj" (build target(s)).

Build succeeded.

Time Elapsed 00:00:00.05
